<?xml version="1.0" encoding="UTF-8"?>
<!-- Generated by org.testng.reporters.JUnitXMLReporter -->
<testsuite ignored="0" hostname="Fininfocom" failures="0" tests="6" name="LoginPageTest" time="241.369" errors="0" timestamp="2021-03-18T13:31:20 IST">
  <testcase classname="com.epos.TestPages.LoginPageTest" name="LoginpageTitleTest" time="0.044"/>
  <testcase classname="com.epos.TestPages.LoginPageTest" name="validateimageTest" time="0.069"/>
  <testcase classname="com.epos.TestPages.LoginPageTest" name="LoginTest" time="0.273"/>
  <testcase classname="com.epos.TestPages.LoginPageTest" name="dpResturantNameTest" time="0.303"/>
  <testcase classname="com.epos.TestPages.LoginPageTest" name="booleanCaptchatTest" time="240.088"/>
  <testcase classname="com.epos.TestPages.LoginPageTest" name="LoginButtonTest" time="0.061"/>
</testsuite> <!-- LoginPageTest -->
