<?xml version="1.0" encoding="UTF-8"?>
<!-- Generated by org.testng.reporters.JUnitXMLReporter -->
<testsuite ignored="0" hostname="Fininfocom" failures="0" tests="5" name="Default test" time="59.493" errors="0" timestamp="2021-04-05T17:34:50 IST">
  <testcase classname="com.webOrder.testPages.DeliveryAddressPageTest" name="verify_ClickOnProceed" time="10.836"/>
  <testcase classname="com.webOrder.testPages.DeliveryAddressPageTest" name="verify_clickOnItems" time="20.6"/>
  <testcase classname="com.webOrder.testPages.DeliveryAddressPageTest" name="verify_clickOnCartCheckOut" time="0.858"/>
  <testcase classname="com.webOrder.testPages.DeliveryAddressPageTest" name="verify_clickOnContinuAsGuest" time="6.271"/>
  <testcase classname="com.webOrder.testPages.DeliveryAddressPageTest" name="verify_clickOnCustomAddress" time="8.725"/>
</testsuite> <!-- Default test -->
