<?xml version="1.0" encoding="UTF-8"?>
<!-- Generated by org.testng.reporters.JUnitXMLReporter -->
<testsuite ignored="0" hostname="Fininfocom" failures="0" tests="20" name="LoginPage" time="74.31" errors="0" timestamp="2021-03-30T16:09:20 IST">
  <testcase classname="com.webOrder.testPages.LoginPageTest" name="Verify_clickOnBrowse_Menu" time="6.059"/>
  <testcase classname="com.webOrder.testPages.LoginPageTest" name="Verify_ClickOnLogin" time="0.047"/>
  <testcase classname="com.webOrder.testPages.LoginPageTest" name="verify_clickOnLogincreds" time="0.487"/>
  <testcase classname="com.webOrder.testPages.ForgotPassword" name="verify_clickOnBrowse_Menu" time="6.062"/>
  <testcase classname="com.webOrder.testPages.ForgotPassword" name="verify_clickOnLogin" time="0.053"/>
  <testcase classname="com.webOrder.testPages.ForgotPassword" name="verify_clickOnForgotPassword" time="0.674"/>
  <testcase classname="com.webOrder.testPages.ForgotPassword" name="verify_enterDetailsInEmail" time="10.153"/>
  <testcase classname="com.webOrder.testPages.ForgotPassword" name="verify_clickOnSubmit" time="0.117"/>
  <testcase classname="com.webOrder.testPages.SignUpPageTest" name="verify_clickOnBrowse_Menu" time="6.104"/>
  <testcase classname="com.webOrder.testPages.SignUpPageTest" name="verify_clickOnLogin" time="0.045"/>
  <testcase classname="com.webOrder.testPages.SignUpPageTest" name="verify_clickOnSignUp_login" time="0.257"/>
  <testcase classname="com.webOrder.testPages.SignUpPageTest" name="verify_fillUpSignup" time="0.655"/>
  <testcase classname="com.webOrder.testPages.SignUpPageTest" name="verify_clickOnSignMeUp" time="0.088"/>
  <testcase classname="com.webOrder.testPages.SignUpPageTest" name="verify_clickOnContinueAsGuest" time="0.07"/>
  <testcase classname="com.webOrder.testPages.ContinuAsGuestPageTest" name="verify_clickOnBrowse_Menu" time="6.106"/>
  <testcase classname="com.webOrder.testPages.ContinuAsGuestPageTest" name="verify_clickOnLogin" time="0.076"/>
  <testcase classname="com.webOrder.testPages.ContinuAsGuestPageTest" name="verify_clickOnSignUp_login" time="0.251"/>
  <testcase classname="com.webOrder.testPages.ContinuAsGuestPageTest" name="verify_clickOnContinueAsGuest" time="0.114"/>
  <testcase classname="com.webOrder.testPages.ContinuAsGuestPageTest" name="verify_enterDeatilsinContinueAsGuest" time="0.505"/>
  <testcase classname="com.webOrder.testPages.ContinuAsGuestPageTest" name="verify_clickOnContinueAsGuest_CAG" time="0.053"/>
</testsuite> <!-- LoginPage -->
