<?xml version="1.0" encoding="UTF-8"?>
<testng-results ignored="0" total="5" passed="5" failed="0" skipped="0">
  <reporter-output>
  </reporter-output>
  <suite started-at="2021-04-05T17:33:50 IST" name="Default suite" finished-at="2021-04-05T17:34:50 IST" duration-ms="59493">
    <groups>
    </groups>
    <test started-at="2021-04-05T17:33:50 IST" name="Default test" finished-at="2021-04-05T17:34:50 IST" duration-ms="59493">
      <class name="com.webOrder.testPages.DeliveryAddressPageTest">
        <test-method is-config="true" signature="Browser_initilization()[pri:0, instance:com.webOrder.testPages.DeliveryAddressPageTest@34b7ac2f]" started-at="2021-04-05T17:33:50 IST" name="Browser_initilization" finished-at="2021-04-05T17:34:02 IST" duration-ms="12134" status="PASS">
          <reporter-output>
          </reporter-output>
        </test-method> <!-- Browser_initilization -->
        <test-method signature="verify_ClickOnProceed()[pri:1, instance:com.webOrder.testPages.DeliveryAddressPageTest@34b7ac2f]" started-at="2021-04-05T17:34:02 IST" name="verify_ClickOnProceed" finished-at="2021-04-05T17:34:13 IST" duration-ms="10836" status="PASS">
          <reporter-output>
          </reporter-output>
        </test-method> <!-- verify_ClickOnProceed -->
        <test-method is-config="true" signature="screenshots_failedtcs(org.testng.ITestResult)[pri:0, instance:com.webOrder.testPages.DeliveryAddressPageTest@34b7ac2f]" started-at="2021-04-05T17:34:13 IST" name="screenshots_failedtcs" finished-at="2021-04-05T17:34:13 IST" duration-ms="2" status="PASS">
          <params>
            <param index="0">
              <value>
                <![CDATA[[TestResult name=verify_ClickOnProceed status=SUCCESS method=DeliveryAddressPageTest.verify_ClickOnProceed()[pri:1, instance:com.webOrder.testPages.DeliveryAddressPageTest@34b7ac2f] output={null}]]]>
              </value>
            </param>
          </params>
          <reporter-output>
          </reporter-output>
        </test-method> <!-- screenshots_failedtcs -->
        <test-method signature="verify_clickOnItems()[pri:2, instance:com.webOrder.testPages.DeliveryAddressPageTest@34b7ac2f]" started-at="2021-04-05T17:34:13 IST" name="verify_clickOnItems" finished-at="2021-04-05T17:34:34 IST" duration-ms="20600" status="PASS">
          <reporter-output>
          </reporter-output>
        </test-method> <!-- verify_clickOnItems -->
        <test-method is-config="true" signature="screenshots_failedtcs(org.testng.ITestResult)[pri:0, instance:com.webOrder.testPages.DeliveryAddressPageTest@34b7ac2f]" started-at="2021-04-05T17:34:34 IST" name="screenshots_failedtcs" finished-at="2021-04-05T17:34:34 IST" duration-ms="0" status="PASS">
          <params>
            <param index="0">
              <value>
                <![CDATA[[TestResult name=verify_clickOnItems status=SUCCESS method=DeliveryAddressPageTest.verify_clickOnItems()[pri:2, instance:com.webOrder.testPages.DeliveryAddressPageTest@34b7ac2f] output={null}]]]>
              </value>
            </param>
          </params>
          <reporter-output>
          </reporter-output>
        </test-method> <!-- screenshots_failedtcs -->
        <test-method signature="verify_clickOnCartCheckOut()[pri:3, instance:com.webOrder.testPages.DeliveryAddressPageTest@34b7ac2f]" started-at="2021-04-05T17:34:34 IST" name="verify_clickOnCartCheckOut" finished-at="2021-04-05T17:34:35 IST" duration-ms="858" status="PASS">
          <reporter-output>
          </reporter-output>
        </test-method> <!-- verify_clickOnCartCheckOut -->
        <test-method is-config="true" signature="screenshots_failedtcs(org.testng.ITestResult)[pri:0, instance:com.webOrder.testPages.DeliveryAddressPageTest@34b7ac2f]" started-at="2021-04-05T17:34:35 IST" name="screenshots_failedtcs" finished-at="2021-04-05T17:34:35 IST" duration-ms="0" status="PASS">
          <params>
            <param index="0">
              <value>
                <![CDATA[[TestResult name=verify_clickOnCartCheckOut status=SUCCESS method=DeliveryAddressPageTest.verify_clickOnCartCheckOut()[pri:3, instance:com.webOrder.testPages.DeliveryAddressPageTest@34b7ac2f] output={null}]]]>
              </value>
            </param>
          </params>
          <reporter-output>
          </reporter-output>
        </test-method> <!-- screenshots_failedtcs -->
        <test-method signature="verify_clickOnContinuAsGuest()[pri:4, instance:com.webOrder.testPages.DeliveryAddressPageTest@34b7ac2f]" started-at="2021-04-05T17:34:35 IST" name="verify_clickOnContinuAsGuest" finished-at="2021-04-05T17:34:41 IST" duration-ms="6271" status="PASS">
          <reporter-output>
          </reporter-output>
        </test-method> <!-- verify_clickOnContinuAsGuest -->
        <test-method is-config="true" signature="screenshots_failedtcs(org.testng.ITestResult)[pri:0, instance:com.webOrder.testPages.DeliveryAddressPageTest@34b7ac2f]" started-at="2021-04-05T17:34:41 IST" name="screenshots_failedtcs" finished-at="2021-04-05T17:34:41 IST" duration-ms="0" status="PASS">
          <params>
            <param index="0">
              <value>
                <![CDATA[[TestResult name=verify_clickOnContinuAsGuest status=SUCCESS method=DeliveryAddressPageTest.verify_clickOnContinuAsGuest()[pri:4, instance:com.webOrder.testPages.DeliveryAddressPageTest@34b7ac2f] output={null}]]]>
              </value>
            </param>
          </params>
          <reporter-output>
          </reporter-output>
        </test-method> <!-- screenshots_failedtcs -->
        <test-method signature="verify_clickOnCustomAddress()[pri:5, instance:com.webOrder.testPages.DeliveryAddressPageTest@34b7ac2f]" started-at="2021-04-05T17:34:41 IST" name="verify_clickOnCustomAddress" finished-at="2021-04-05T17:34:50 IST" duration-ms="8725" status="PASS">
          <reporter-output>
          </reporter-output>
        </test-method> <!-- verify_clickOnCustomAddress -->
        <test-method is-config="true" signature="screenshots_failedtcs(org.testng.ITestResult)[pri:0, instance:com.webOrder.testPages.DeliveryAddressPageTest@34b7ac2f]" started-at="2021-04-05T17:34:50 IST" name="screenshots_failedtcs" finished-at="2021-04-05T17:34:50 IST" duration-ms="0" status="PASS">
          <params>
            <param index="0">
              <value>
                <![CDATA[[TestResult name=verify_clickOnCustomAddress status=SUCCESS method=DeliveryAddressPageTest.verify_clickOnCustomAddress()[pri:5, instance:com.webOrder.testPages.DeliveryAddressPageTest@34b7ac2f] output={null}]]]>
              </value>
            </param>
          </params>
          <reporter-output>
          </reporter-output>
        </test-method> <!-- screenshots_failedtcs -->
      </class> <!-- com.webOrder.testPages.DeliveryAddressPageTest -->
    </test> <!-- Default test -->
  </suite> <!-- Default suite -->
</testng-results>
